<?xml version="1.0" encoding="UTF-8"?>
<!-- Generated by org.testng.reporters.JUnitXMLReporter -->
<testsuite hostname="Volkans-MBP" ignored="23" name="Regression Test" tests="8" failures="8" timestamp="2020-01-14T21:21:30 EST" time="0.244" errors="0">
  <testcase name="emptyPassword" time="0.027" classname="com.class2.HwHRMS">
    <failure type="java.lang.NullPointerException">
      <![CDATA[java.lang.NullPointerException
at com.class2.HwHRMS.emptyPassword(HwHRMS.java:76)
at java.util.ArrayList.forEach(ArrayList.java:1257)
... Removed 27 stack frames]]>
    </failure>
  </testcase> <!-- emptyPassword -->
  <testcase name="emptyUsername" time="0.019" classname="com.class2.HwHRMS">
    <failure type="java.lang.NullPointerException">
      <![CDATA[java.lang.NullPointerException
at com.class2.HwHRMS.emptyUsername(HwHRMS.java:66)
at java.util.ArrayList.forEach(ArrayList.java:1257)
... Removed 27 stack frames]]>
    </failure>
  </testcase> <!-- emptyUsername -->
  <testcase name="validationOfLogin" time="0.007" classname="com.class2.HwHRMS">
    <failure type="java.lang.NullPointerException">
      <![CDATA[java.lang.NullPointerException
at com.class2.HwHRMS.validationOfLogin(HwHRMS.java:54)
at java.util.ArrayList.forEach(ArrayList.java:1257)
... Removed 27 stack frames]]>
    </failure>
  </testcase> <!-- validationOfLogin -->
  <testcase name="wrongPassword" time="0.022" classname="com.class2.HwHRMS">
    <failure type="java.lang.NullPointerException">
      <![CDATA[java.lang.NullPointerException
at com.class2.HwHRMS.wrongPassword(HwHRMS.java:96)
at java.util.ArrayList.forEach(ArrayList.java:1257)
... Removed 27 stack frames]]>
    </failure>
  </testcase> <!-- wrongPassword -->
  <testcase name="wrongUsername" time="0.002" classname="com.class2.HwHRMS">
    <failure type="java.lang.NullPointerException">
      <![CDATA[java.lang.NullPointerException
at com.class2.HwHRMS.wrongUsername(HwHRMS.java:86)
at java.util.ArrayList.forEach(ArrayList.java:1257)
... Removed 27 stack frames]]>
    </failure>
  </testcase> <!-- wrongUsername -->
  <testcase name="logoValidation" time="0.013" classname="com.class1.TitleLogoAndLoginVerification">
    <failure type="java.lang.NullPointerException">
      <![CDATA[java.lang.NullPointerException
at com.class1.TitleLogoAndLoginVerification.logoValidation(TitleLogoAndLoginVerification.java:36)
at java.util.ArrayList.forEach(ArrayList.java:1257)
... Removed 27 stack frames]]>
    </failure>
  </testcase> <!-- logoValidation -->
  <testcase name="titleValidation" time="0.002" classname="com.class1.TitleLogoAndLoginVerification">
    <failure type="java.lang.NullPointerException">
      <![CDATA[java.lang.NullPointerException
at com.class1.TitleLogoAndLoginVerification.titleValidation(TitleLogoAndLoginVerification.java:26)
at java.util.ArrayList.forEach(ArrayList.java:1257)
... Removed 27 stack frames]]>
    </failure>
  </testcase> <!-- titleValidation -->
  <testcase name="addingEmployee" time="0.004" classname="com.class2.TC1HRMSAddEmployee">
    <failure type="java.lang.NullPointerException">
      <![CDATA[java.lang.NullPointerException
at com.class2.TC1HRMSAddEmployee.addingEmployee(TC1HRMSAddEmployee.java:36)
at java.util.ArrayList.forEach(ArrayList.java:1257)
... Removed 27 stack frames]]>
    </failure>
  </testcase> <!-- addingEmployee -->
  <testcase name="titleValidation" time="0.0" classname="com.class2.AssertionsDemo">
    <ignored/>
  </testcase> <!-- titleValidation -->
  <testcase name="logoAndLogin" time="0.0" classname="com.class2.SoftAssertionDemo">
    <ignored/>
  </testcase> <!-- logoAndLogin -->
  <testcase name="validationOfLogo" time="0.0" classname="com.class2.HWWithAssertions$HW">
    <ignored/>
  </testcase> <!-- validationOfLogo -->
  <testcase name="test1" time="0.0" classname="com.class1.TestCase2">
    <ignored/>
  </testcase> <!-- test1 -->
  <testcase name="validationOfMessage" time="0.0" classname="com.class2.HWWithAssertions$HW">
    <ignored/>
  </testcase> <!-- validationOfMessage -->
  <testcase name="validationOfLogo" time="0.0" classname="com.class2.HwHRMS">
    <ignored/>
  </testcase> <!-- validationOfLogo -->
  <testcase name="going" time="0.0" classname="com.class1.testCase1">
    <ignored/>
  </testcase> <!-- going -->
  <testcase name="forward" time="0.0" classname="com.class1.testCase1">
    <ignored/>
  </testcase> <!-- forward -->
  <testcase name="testMethod1" time="0.0" classname="com.class3.AlwaysRun">
    <ignored/>
  </testcase> <!-- testMethod1 -->
  <testcase name="testTwo" time="0.0" classname="com.class1.testNGDemo">
    <ignored/>
  </testcase> <!-- testTwo -->
  <testcase name="addingEmployee" time="0.0" classname="com.class2.AddEmployeePic">
    <ignored/>
  </testcase> <!-- addingEmployee -->
  <testcase name="testOne" time="0.0" classname="com.class1.testNGDemo">
    <ignored/>
  </testcase> <!-- testOne -->
  <testcase name="everyDay" time="0.0" classname="com.class1.testCase1">
    <ignored/>
  </testcase> <!-- everyDay -->
  <testcase name="validationOfLogo" time="0.0" classname="com.class2.HW">
    <ignored/>
  </testcase> <!-- validationOfLogo -->
  <testcase name="test" time="0.0" classname="com.class1.DifferentAnnotations">
    <ignored/>
  </testcase> <!-- test -->
  <testcase name="validationOfMessage" time="0.0" classname="com.class2.HW">
    <ignored/>
  </testcase> <!-- validationOfMessage -->
  <testcase name="validationOfMessage" time="0.0" classname="com.class2.Task1">
    <ignored/>
  </testcase> <!-- validationOfMessage -->
  <testcase name="testMethod" time="0.0" classname="com.class3.AlwaysRun">
    <ignored/>
  </testcase> <!-- testMethod -->
  <testcase name="test2" time="0.0" classname="com.class1.TestCase2">
    <ignored/>
  </testcase> <!-- test2 -->
  <testcase name="validationOfLogo" time="0.0" classname="com.class2.Task1">
    <ignored/>
  </testcase> <!-- validationOfLogo -->
  <testcase name="testThree" time="0.0" classname="com.class1.testNGDemo">
    <ignored/>
  </testcase> <!-- testThree -->
  <testcase name="validLogin" time="0.0" classname="com.class1.TitleLogoAndLoginVerification">
    <ignored/>
  </testcase> <!-- validLogin -->
  <testcase name="logoValidation" time="0.0" classname="com.class2.AssertionsDemo">
    <ignored/>
  </testcase> <!-- logoValidation -->
</testsuite> <!-- Regression Test -->
